Removed Pin From Net: NetName=LED_AC_1 Pin=ML13-2
Removed Pin From Net: NetName=1 Pin=ML13-3
Removed Pin From Net: NetName=LED_AC_2 Pin=ML14-2
Removed Pin From Net: NetName=1 Pin=ML14-3
Removed Pin From Net: NetName=LED_AC_3 Pin=ML15-2
Removed Pin From Net: NetName=1 Pin=ML15-3
Removed Pin From Net: NetName=LED_AC_4 Pin=ML16-2
Removed Pin From Net: NetName=1 Pin=ML16-3
Removed Pin From Net: NetName=LED_AC_5 Pin=ML17-2
Removed Pin From Net: NetName=1 Pin=ML17-3
Removed Pin From Net: NetName=LED_AC_6 Pin=ML18-2
Removed Pin From Net: NetName=1 Pin=ML18-3
Removed Pin From Net: NetName=LED_BC_1 Pin=ML19-2
Removed Pin From Net: NetName=1 Pin=ML19-3
Removed Pin From Net: NetName=LED_BC_2 Pin=ML20-2
Removed Pin From Net: NetName=1 Pin=ML20-3
Removed Pin From Net: NetName=LED_BC_3 Pin=ML21-2
Removed Pin From Net: NetName=1 Pin=ML21-3
Removed Pin From Net: NetName=LED_BC_4 Pin=ML22-2
Removed Pin From Net: NetName=1 Pin=ML22-3
Removed Pin From Net: NetName=LED_BC_5 Pin=ML23-2
Removed Pin From Net: NetName=1 Pin=ML23-3
Removed Pin From Net: NetName=LED_BC_6 Pin=ML24-2
Removed Pin From Net: NetName=1 Pin=ML24-3
Added Pin To Net: NetName=1 Pin=ML13-2
Added Pin To Net: NetName=LED_AC_1 Pin=ML13-3
Added Pin To Net: NetName=1 Pin=ML14-2
Added Pin To Net: NetName=LED_AC_2 Pin=ML14-3
Added Pin To Net: NetName=1 Pin=ML15-2
Added Pin To Net: NetName=LED_AC_3 Pin=ML15-3
Added Pin To Net: NetName=1 Pin=ML16-2
Added Pin To Net: NetName=LED_AC_4 Pin=ML16-3
Added Pin To Net: NetName=1 Pin=ML17-2
Added Pin To Net: NetName=LED_AC_5 Pin=ML17-3
Added Pin To Net: NetName=1 Pin=ML18-2
Added Pin To Net: NetName=LED_AC_6 Pin=ML18-3
Added Pin To Net: NetName=1 Pin=ML19-2
Added Pin To Net: NetName=LED_BC_1 Pin=ML19-3
Added Pin To Net: NetName=1 Pin=ML20-2
Added Pin To Net: NetName=LED_BC_2 Pin=ML20-3
Added Pin To Net: NetName=1 Pin=ML21-2
Added Pin To Net: NetName=LED_BC_3 Pin=ML21-3
Added Pin To Net: NetName=1 Pin=ML22-2
Added Pin To Net: NetName=LED_BC_4 Pin=ML22-3
Added Pin To Net: NetName=1 Pin=ML23-2
Added Pin To Net: NetName=LED_BC_5 Pin=ML23-3
Added Pin To Net: NetName=1 Pin=ML24-2
Added Pin To Net: NetName=LED_BC_6 Pin=ML24-3
